<?xml version="1.0" encoding="UTF-8"?>
<testsuite name="hamukja.demo.HamukjaApplicationTests" tests="1" skipped="0" failures="0" errors="0" timestamp="2022-04-21T08:22:53" hostname="DESKTOP-4R78LSD" time="0.267">
  <properties/>
  <testcase name="contextLoads()" classname="hamukja.demo.HamukjaApplicationTests" time="0.267"/>
  <system-out><![CDATA[17:22:51.558 [Test worker] DEBUG org.springframework.test.context.BootstrapUtils - Instantiating CacheAwareContextLoaderDelegate from class [org.springframework.test.context.cache.DefaultCacheAwareContextLoaderDelegate]
17:22:51.558 [Test worker] DEBUG org.springframework.test.context.BootstrapUtils - Instantiating BootstrapContext using constructor [public org.springframework.test.context.support.DefaultBootstrapContext(java.lang.Class,org.springframework.test.context.CacheAwareContextLoaderDelegate)]
17:22:51.589 [Test worker] DEBUG org.springframework.test.context.BootstrapUtils - Instantiating TestContextBootstrapper for test class [hamukja.demo.HamukjaApplicationTests] from class [org.springframework.boot.test.context.SpringBootTestContextBootstrapper]
17:22:51.605 [Test worker] INFO org.springframework.boot.test.context.SpringBootTestContextBootstrapper - Neither @ContextConfiguration nor @ContextHierarchy found for test class [hamukja.demo.HamukjaApplicationTests], using SpringBootContextLoader
17:22:51.605 [Test worker] DEBUG org.springframework.test.context.support.AbstractContextLoader - Did not detect default resource location for test class [hamukja.demo.HamukjaApplicationTests]: class path resource [hamukja/demo/HamukjaApplicationTests-context.xml] does not exist
17:22:51.605 [Test worker] DEBUG org.springframework.test.context.support.AbstractContextLoader - Did not detect default resource location for test class [hamukja.demo.HamukjaApplicationTests]: class path resource [hamukja/demo/HamukjaApplicationTestsContext.groovy] does not exist
17:22:51.605 [Test worker] INFO org.springframework.test.context.support.AbstractContextLoader - Could not detect default resource locations for test class [hamukja.demo.HamukjaApplicationTests]: no resource found for suffixes {-context.xml, Context.groovy}.
17:22:51.605 [Test worker] INFO org.springframework.test.context.support.AnnotationConfigContextLoaderUtils - Could not detect default configuration classes for test class [hamukja.demo.HamukjaApplicationTests]: HamukjaApplicationTests does not declare any static, non-private, non-final, nested classes annotated with @Configuration.
17:22:51.636 [Test worker] DEBUG org.springframework.test.context.support.ActiveProfilesUtils - Could not find an 'annotation declaring class' for annotation type [org.springframework.test.context.ActiveProfiles] and class [hamukja.demo.HamukjaApplicationTests]
17:22:51.683 [Test worker] DEBUG org.springframework.context.annotation.ClassPathScanningCandidateComponentProvider - Identified candidate component class: file [C:\SpringBoot\Hamukja\build\classes\java\main\hamukja\demo\HamukjaApplication.class]
17:22:51.683 [Test worker] INFO org.springframework.boot.test.context.SpringBootTestContextBootstrapper - Found @SpringBootConfiguration hamukja.demo.HamukjaApplication for test class hamukja.demo.HamukjaApplicationTests
17:22:51.761 [Test worker] DEBUG org.springframework.boot.test.context.SpringBootTestContextBootstrapper - @TestExecutionListeners is not present for class [hamukja.demo.HamukjaApplicationTests]: using defaults.
17:22:51.761 [Test worker] INFO org.springframework.boot.test.context.SpringBootTestContextBootstrapper - Loaded default TestExecutionListener class names from location [META-INF/spring.factories]: [org.springframework.boot.test.autoconfigure.restdocs.RestDocsTestExecutionListener, org.springframework.boot.test.autoconfigure.web.client.MockRestServiceServerResetTestExecutionListener, org.springframework.boot.test.autoconfigure.web.servlet.MockMvcPrintOnlyOnFailureTestExecutionListener, org.springframework.boot.test.autoconfigure.web.servlet.WebDriverTestExecutionListener, org.springframework.boot.test.autoconfigure.webservices.client.MockWebServiceServerTestExecutionListener, org.springframework.boot.test.mock.mockito.MockitoTestExecutionListener, org.springframework.boot.test.mock.mockito.ResetMocksTestExecutionListener, org.springframework.test.context.web.ServletTestExecutionListener, org.springframework.test.context.support.DirtiesContextBeforeModesTestExecutionListener, org.springframework.test.context.event.ApplicationEventsTestExecutionListener, org.springframework.test.context.support.DependencyInjectionTestExecutionListener, org.springframework.test.context.support.DirtiesContextTestExecutionListener, org.springframework.test.context.transaction.TransactionalTestExecutionListener, org.springframework.test.context.jdbc.SqlScriptsTestExecutionListener, org.springframework.test.context.event.EventPublishingTestExecutionListener]
17:22:51.776 [Test worker] DEBUG org.springframework.boot.test.context.SpringBootTestContextBootstrapper - Skipping candidate TestExecutionListener [org.springframework.test.context.transaction.TransactionalTestExecutionListener] due to a missing dependency. Specify custom listener classes or make the default listener classes and their required dependencies available. Offending class: [org/springframework/transaction/interceptor/TransactionAttributeSource]
17:22:51.776 [Test worker] DEBUG org.springframework.boot.test.context.SpringBootTestContextBootstrapper - Skipping candidate TestExecutionListener [org.springframework.test.context.jdbc.SqlScriptsTestExecutionListener] due to a missing dependency. Specify custom listener classes or make the default listener classes and their required dependencies available. Offending class: [org/springframework/transaction/interceptor/TransactionAttribute]
17:22:51.776 [Test worker] INFO org.springframework.boot.test.context.SpringBootTestContextBootstrapper - Using TestExecutionListeners: [org.springframework.test.context.web.ServletTestExecutionListener@2970a5bc, org.springframework.test.context.support.DirtiesContextBeforeModesTestExecutionListener@50305a, org.springframework.test.context.event.ApplicationEventsTestExecutionListener@72efb5c1, org.springframework.boot.test.mock.mockito.MockitoTestExecutionListener@6d511b5f, org.springframework.boot.test.autoconfigure.SpringBootDependencyInjectionTestExecutionListener@41200e0c, org.springframework.test.context.support.DirtiesContextTestExecutionListener@40f33492, org.springframework.test.context.event.EventPublishingTestExecutionListener@4fbdc0f0, org.springframework.boot.test.autoconfigure.restdocs.RestDocsTestExecutionListener@2ad3a1bb, org.springframework.boot.test.autoconfigure.web.client.MockRestServiceServerResetTestExecutionListener@6bc28a83, org.springframework.boot.test.autoconfigure.web.servlet.MockMvcPrintOnlyOnFailureTestExecutionListener@324c64cd, org.springframework.boot.test.autoconfigure.web.servlet.WebDriverTestExecutionListener@13579834, org.springframework.boot.test.autoconfigure.webservices.client.MockWebServiceServerTestExecutionListener@24be2d9c, org.springframework.boot.test.mock.mockito.ResetMocksTestExecutionListener@5bd73d1a]
17:22:51.776 [Test worker] DEBUG org.springframework.test.context.support.AbstractDirtiesContextTestExecutionListener - Before test class: context [DefaultTestContext@5af9926a testClass = HamukjaApplicationTests, testInstance = [null], testMethod = [null], testException = [null], mergedContextConfiguration = [WebMergedContextConfiguration@43c67247 testClass = HamukjaApplicationTests, locations = '{}', classes = '{class hamukja.demo.HamukjaApplication}', contextInitializerClasses = '[]', activeProfiles = '{}', propertySourceLocations = '{}', propertySourceProperties = '{org.springframework.boot.test.context.SpringBootTestContextBootstrapper=true}', contextCustomizers = set[org.springframework.boot.test.autoconfigure.actuate.metrics.MetricsExportContextCustomizerFactory$DisableMetricExportContextCustomizer@42f33b5d, org.springframework.boot.test.autoconfigure.properties.PropertyMappingContextCustomizer@0, org.springframework.boot.test.autoconfigure.web.servlet.WebDriverContextCustomizerFactory$Customizer@7ec3394b, org.springframework.boot.test.context.filter.ExcludeFilterContextCustomizer@246f8b8b, org.springframework.boot.test.json.DuplicateJsonObjectContextCustomizerFactory$DuplicateJsonObjectContextCustomizer@3381b4fc, org.springframework.boot.test.mock.mockito.MockitoContextCustomizer@0, org.springframework.boot.test.web.client.TestRestTemplateContextCustomizer@1c6804cd, org.springframework.boot.test.context.SpringBootTestArgs@1, org.springframework.boot.test.context.SpringBootTestWebEnvironment@3e78b6a5], resourceBasePath = 'src/main/webapp', contextLoader = 'org.springframework.boot.test.context.SpringBootContextLoader', parent = [null]], attributes = map['org.springframework.test.context.web.ServletTestExecutionListener.activateListener' -> true]], class annotated with @DirtiesContext [false] with mode [null].

  .   ____          _            __ _ _
 /\\ / ___'_ __ _ _(_)_ __  __ _ \ \ \ \
( ( )\___ | '_ | '_| | '_ \/ _` | \ \ \ \
 \\/  ___)| |_)| | | | | || (_| |  ) ) ) )
  '  |____| .__|_| |_|_| |_\__, | / / / /
 =========|_|==============|___/=/_/_/_/
 :: Spring Boot ::                (v2.6.5)

2022-04-21 17:22:52.026  INFO 1060 --- [    Test worker] hamukja.demo.HamukjaApplicationTests     : Starting HamukjaApplicationTests using Java 11.0.12 on DESKTOP-4R78LSD with PID 1060 (started by antk7 in C:\SpringBoot\Hamukja)
2022-04-21 17:22:52.026  INFO 1060 --- [    Test worker] hamukja.demo.HamukjaApplicationTests     : No active profile set, falling back to 1 default profile: "default"
2022-04-21 17:22:52.901  INFO 1060 --- [    Test worker] o.s.b.a.w.s.WelcomePageHandlerMapping    : Adding welcome page: class path resource [static/index.html]
2022-04-21 17:22:53.042  INFO 1060 --- [    Test worker] hamukja.demo.HamukjaApplicationTests     : Started HamukjaApplicationTests in 1.232 seconds (JVM running for 2.131)
]]></system-out>
  <system-err><![CDATA[]]></system-err>
</testsuite>
